<?xml version="1.0" encoding="UTF-8"?>
<!-- Generated by org.testng.reporters.JUnitReportReporter -->
<testsuite hostname="LAPTOP-JSH3AFI9" failures="0" tests="1" name="pomNeostoxUsingDDF.ValidateUserNameGeneralMethod" time="10.003" errors="0" timestamp="2023-01-13T12:07:56 IST" skipped="0">
  <testcase classname="pomNeostoxUsingDDF.ValidateUserNameGeneralMethod" name="ValidatingUserName" time="10.003"/>
  <system-out/>
</testsuite> <!-- pomNeostoxUsingDDF.ValidateUserNameGeneralMethod -->
