<?xml version="1.0" encoding="UTF-8"?>
<!-- Generated by org.testng.reporters.JUnitReportReporter -->
<testsuite hostname="LAPTOP-JSH3AFI9" failures="0" tests="1" name="testNgAnnotation.TestNGNeostox" time="0.007" errors="0" timestamp="2022-12-29T13:08:13 IST" skipped="0">
  <testcase classname="testNgAnnotation.TestNGNeostox" name="validateUserName" time="0.007"/>
  <system-out>
    <![CDATA[validating user name]]>
  </system-out>
</testsuite> <!-- testNgAnnotation.TestNGNeostox -->
