<?xml version="1.0" encoding="UTF-8"?>
<!-- Generated by org.testng.reporters.JUnitReportReporter -->
<testsuite hostname="LAPTOP-JSH3AFI9" failures="0" tests="1" name="testNGVarification.Explaination" time="10.003" errors="0" timestamp="2022-12-31T22:25:28 IST" skipped="0">
  <testcase classname="testNGVarification.Explaination" name="f" time="10.003"/>
  <system-out>
    <![CDATA[radio1 is not selected and Tc is failed]]>
  </system-out>
</testsuite> <!-- testNGVarification.Explaination -->
