<?xml version="1.0" encoding="UTF-8"?>
<!-- Generated by org.testng.reporters.JUnitReportReporter -->
<testsuite hostname="LAPTOP-JSH3AFI9" failures="0" tests="1" name="testNGstudy.NeoStoxSample2" time="10.764" errors="0" timestamp="2022-12-28T22:57:22 IST" skipped="0">
  <testcase classname="testNGstudy.NeoStoxSample2" name="NeoStoxLaunch" time="10.764"/>
  <system-out>
    <![CDATA[hello its a reporter]]>
  </system-out>
</testsuite> <!-- testNGstudy.NeoStoxSample2 -->
