<?xml version="1.0" encoding="UTF-8"?>
<!-- Generated by org.testng.reporters.JUnitReportReporter -->
<testsuite hostname="LAPTOP-JSH3AFI9" failures="0" tests="2" name="testNGSerialAndParallelExecution.MyTest3" time="12.589" errors="0" timestamp="2022-12-31T22:02:54 IST" skipped="0">
  <testcase classname="testNGSerialAndParallelExecution.MyTest3" name="fb" time="5.932"/>
  <system-out/>
  <testcase classname="testNGSerialAndParallelExecution.MyTest3" name="google" time="6.657"/>
  <system-out/>
</testsuite> <!-- testNGSerialAndParallelExecution.MyTest3 -->
