<?xml version="1.0" encoding="UTF-8"?>
<!-- Generated by org.testng.reporters.JUnitReportReporter -->
<testsuite hostname="LAPTOP-JSH3AFI9" failures="0" tests="1" name="testNgAnnotation.Annotations" time="0.010" errors="0" timestamp="2022-12-29T12:26:56 IST" skipped="0">
  <testcase classname="testNgAnnotation.Annotations" name="test" time="0.010"/>
  <system-out>
    <![CDATA[hi test is running]]>
  </system-out>
</testsuite> <!-- testNgAnnotation.Annotations -->
