<?xml version="1.0" encoding="UTF-8"?>
<!-- Generated by org.testng.reporters.JUnitReportReporter -->
<testsuite hostname="LAPTOP-JSH3AFI9" failures="0" tests="3" name="testNGKeywords.Enable" time="0.011" errors="0" timestamp="2023-01-23T16:13:56 IST" skipped="1">
  <testcase classname="testNGKeywords.Enable" name="b" time="0.010"/>
  <system-out>
    <![CDATA[B is running]]>
  </system-out>
  <testcase classname="testNGKeywords.Enable" name="c" time="0.001"/>
  <system-out>
    <![CDATA[C is running]]>
  </system-out>
  <testcase classname="testNGKeywords.Enable" name="a">
    <skipped/>
  </testcase> <!-- a -->
  <system-out/>
</testsuite> <!-- testNGKeywords.Enable -->
