<?xml version="1.0" encoding="UTF-8"?>
<!-- Generated by org.testng.reporters.JUnitReportReporter -->
<testsuite hostname="LAPTOP-JSH3AFI9" failures="0" tests="6" name="testNGKeywords.InvokeCount" time="0.034" errors="0" timestamp="2022-12-29T17:48:43 IST" skipped="0">
  <testcase classname="testNGKeywords.InvokeCount" name="testing" time="0.004"/>
  <system-out>
    <![CDATA[testing is running]]>
  </system-out>
  <testcase classname="testNGKeywords.InvokeCount" name="testing" time="0.014"/>
  <system-out>
    <![CDATA[testing is running]]>
  </system-out>
  <testcase classname="testNGKeywords.InvokeCount" name="testing" time="0.004"/>
  <system-out>
    <![CDATA[testing is running]]>
  </system-out>
  <testcase classname="testNGKeywords.InvokeCount" name="testing" time="0.007"/>
  <system-out>
    <![CDATA[testing is running]]>
  </system-out>
  <testcase classname="testNGKeywords.InvokeCount" name="testing" time="0.002"/>
  <system-out>
    <![CDATA[testing is running]]>
  </system-out>
  <testcase classname="testNGKeywords.InvokeCount" name="testing" time="0.003"/>
  <system-out>
    <![CDATA[testing is running]]>
  </system-out>
</testsuite> <!-- testNGKeywords.InvokeCount -->
