<?xml version="1.0" encoding="UTF-8"?>
<!-- Generated by org.testng.reporters.JUnitReportReporter -->
<testsuite hostname="LAPTOP-JSH3AFI9" failures="0" tests="1" name="pomNeostoxUsingDDF.ValidateUserName" time="7.181" errors="0" timestamp="2023-01-12T15:24:50 IST" skipped="0">
  <testcase classname="pomNeostoxUsingDDF.ValidateUserName" name="ValidateUserName" time="7.181"/>
  <system-out>
    <![CDATA[User Name is validate]]>
  </system-out>
</testsuite> <!-- pomNeostoxUsingDDF.ValidateUserName -->
