<?xml version="1.0" encoding="UTF-8"?>
<!-- Generated by org.testng.reporters.JUnitReportReporter -->
<testsuite hostname="LAPTOP-JSH3AFI9" failures="0" tests="2" name="testNGCrossBrowserTest.CBTesting4" time="34.260" errors="0" timestamp="2023-02-02T17:03:07 IST" skipped="0">
  <testcase classname="testNGCrossBrowserTest.CBTesting4" name="CBTest" time="17.858"/>
  <system-out/>
  <testcase classname="testNGCrossBrowserTest.CBTesting4" name="CBTest" time="16.402"/>
  <system-out/>
</testsuite> <!-- testNGCrossBrowserTest.CBTesting4 -->
