<?xml version="1.0" encoding="UTF-8"?>
<!-- Generated by org.testng.reporters.JUnitReportReporter -->
<testsuite hostname="LAPTOP-JSH3AFI9" failures="0" tests="3" name="testNGKeywords.Priority" time="0.018" errors="0" timestamp="2022-12-29T18:06:57 IST" skipped="0">
  <testcase classname="testNGKeywords.Priority" name="c" time="0.013"/>
  <system-out>
    <![CDATA[C is running]]>
  </system-out>
  <testcase classname="testNGKeywords.Priority" name="b" time="0.003"/>
  <system-out>
    <![CDATA[B is running]]>
  </system-out>
  <testcase classname="testNGKeywords.Priority" name="a" time="0.002"/>
  <system-out>
    <![CDATA[A is running]]>
  </system-out>
</testsuite> <!-- testNGKeywords.Priority -->
