<?xml version="1.0" encoding="UTF-8"?>
<!-- Generated by org.testng.reporters.JUnitReportReporter -->
<testsuite hostname="LAPTOP-JSH3AFI9" failures="0" tests="1" name="testNGCrossBrowserTest.CBtestng" time="6.098" errors="0" timestamp="2023-01-02T17:30:51 IST" skipped="0">
  <testcase classname="testNGCrossBrowserTest.CBtestng" name="CBTest" time="6.098"/>
  <system-out/>
</testsuite> <!-- testNGCrossBrowserTest.CBtestng -->
