<?xml version="1.0" encoding="UTF-8"?>
<!-- Generated by org.testng.reporters.JUnitReportReporter -->
<testsuite hostname="LAPTOP-JSH3AFI9" failures="0" tests="1" name="testNGSerialAndParallelExecution.MyTest2" time="8.095" errors="0" timestamp="2022-12-31T21:52:10 IST" skipped="0">
  <testcase classname="testNGSerialAndParallelExecution.MyTest2" name="google" time="8.095"/>
  <system-out/>
</testsuite> <!-- testNGSerialAndParallelExecution.MyTest2 -->
