<?xml version="1.0" encoding="UTF-8"?>
<!-- Generated by org.testng.reporters.JUnitReportReporter -->
<testsuite hostname="LAPTOP-JSH3AFI9" failures="0" tests="2" name="testNGXMLStudy.NewTest4" time="0.014" errors="0" timestamp="2022-12-30T12:19:47 IST" skipped="0">
  <testcase classname="testNGXMLStudy.NewTest4" name="i" time="0.002"/>
  <system-out>
    <![CDATA[I is running]]>
  </system-out>
  <testcase classname="testNGXMLStudy.NewTest4" name="f" time="0.012"/>
  <system-out>
    <![CDATA[F is running]]>
  </system-out>
</testsuite> <!-- testNGXMLStudy.NewTest4 -->
