<?xml version="1.0" encoding="UTF-8"?>
<!-- Generated by org.testng.reporters.JUnitReportReporter -->
<testsuite hostname="LAPTOP-JSH3AFI9" failures="0" tests="1" name="testNGCrossBrowserTest.Firefox" time="9.419" errors="0" timestamp="2023-01-01T16:18:50 IST" skipped="0">
  <testcase classname="testNGCrossBrowserTest.Firefox" name="firefoxtest" time="9.419"/>
  <system-out/>
</testsuite> <!-- testNGCrossBrowserTest.Firefox -->
