<?xml version="1.0" encoding="UTF-8"?>
<!-- Generated by org.testng.reporters.JUnitReportReporter -->
<testsuite hostname="LAPTOP-JSH3AFI9" failures="0" tests="1" name="testNGCrossBrowserTest.CBTesting3" time="41.704" errors="0" timestamp="2023-01-25T23:17:17 IST" skipped="0">
  <testcase classname="testNGCrossBrowserTest.CBTesting3" name="cbTest" time="41.704"/>
  <system-out/>
</testsuite> <!-- testNGCrossBrowserTest.CBTesting3 -->
