<?xml version="1.0" encoding="UTF-8"?>
<!-- Generated by org.testng.reporters.JUnitReportReporter -->
<testsuite hostname="LAPTOP-JSH3AFI9" failures="0" tests="1" name="testNgAnnotation.NewTest1" time="0.002" errors="0" timestamp="2022-12-29T13:06:11 IST" skipped="0">
  <testcase classname="testNgAnnotation.NewTest1" name="testing1" time="0.002"/>
  <system-out>
    <![CDATA[hii testing1 is running]]>
  </system-out>
</testsuite> <!-- testNgAnnotation.NewTest1 -->
