<?xml version="1.0" encoding="UTF-8"?>
<!-- Generated by org.testng.reporters.JUnitReportReporter -->
<testsuite hostname="LAPTOP-JSH3AFI9" failures="0" tests="2" name="testNGXMLStudy.NewTest2" time="0.013" errors="0" timestamp="2022-12-30T00:21:22 IST" skipped="0">
  <testcase classname="testNGXMLStudy.NewTest2" name="f" time="0.011"/>
  <system-out>
    <![CDATA[F is running]]>
  </system-out>
  <testcase classname="testNGXMLStudy.NewTest2" name="g" time="0.002"/>
  <system-out>
    <![CDATA[G is running]]>
  </system-out>
</testsuite> <!-- testNGXMLStudy.NewTest2 -->
