<?xml version="1.0" encoding="UTF-8"?>
<!-- Generated by org.testng.reporters.JUnitReportReporter -->
<testsuite hostname="LAPTOP-JSH3AFI9" failures="0" tests="3" name="testNGXMLStudy.NewTest3" time="0.006" errors="0" timestamp="2022-12-30T12:19:47 IST" skipped="0">
  <testcase classname="testNGXMLStudy.NewTest3" name="d" time="0.001"/>
  <system-out>
    <![CDATA[D is running]]>
  </system-out>
  <testcase classname="testNGXMLStudy.NewTest3" name="b" time="0.001"/>
  <system-out>
    <![CDATA[B is running]]>
  </system-out>
  <testcase classname="testNGXMLStudy.NewTest3" name="e" time="0.004"/>
  <system-out>
    <![CDATA[E is running]]>
  </system-out>
</testsuite> <!-- testNGXMLStudy.NewTest3 -->
