<?xml version="1.0" encoding="UTF-8"?>
<!-- Generated by org.testng.reporters.JUnitReportReporter -->
<testsuite hostname="LAPTOP-JSH3AFI9" failures="0" tests="1" name="pomNeoStox.ValidatingUserNameTestNG" time="1.512" errors="0" timestamp="2023-01-11T17:25:02 IST" skipped="0">
  <testcase classname="pomNeoStox.ValidatingUserNameTestNG" name="validateUserName" time="1.512"/>
  <system-out/>
</testsuite> <!-- pomNeoStox.ValidatingUserNameTestNG -->
