<?xml version="1.0" encoding="UTF-8"?>
<!-- Generated by org.testng.reporters.JUnitReportReporter -->
<testsuite hostname="LAPTOP-JSH3AFI9" failures="0" tests="1" name="testNGSerialAndParallelExecution.MyTest1" time="6.955" errors="0" timestamp="2022-12-31T21:52:10 IST" skipped="0">
  <testcase classname="testNGSerialAndParallelExecution.MyTest1" name="fb" time="6.955"/>
  <system-out/>
</testsuite> <!-- testNGSerialAndParallelExecution.MyTest1 -->
