<?xml version="1.0" encoding="UTF-8"?>
<!-- Generated by org.testng.reporters.JUnitReportReporter -->
<testsuite hostname="LAPTOP-JSH3AFI9" failures="0" tests="1" name="testClasses.ValidateMsg" time="7.798" errors="0" timestamp="2023-01-14T18:12:11 IST" skipped="0">
  <testcase classname="testClasses.ValidateMsg" name="Message" time="7.798"/>
  <system-out>
    <![CDATA[Invalid Mobile Number]]>
  </system-out>
</testsuite> <!-- testClasses.ValidateMsg -->
